#
# There is insufficient memory for the Java Runtime Environment to continue.
# Native memory allocation (mmap) failed to map 94371840 bytes for committing reserved memory.
# Possible reasons:
#   The system is out of physical RAM or swap space
#   The process is running with CompressedOops enabled, and the Java Heap may be blocking the growth of the native heap
# Possible solutions:
#   Reduce memory load on the system
#   Increase physical memory or swap space
#   Check if swap backing store is full
#   Decrease Java heap size (-Xmx/-Xms)
#   Decrease number of Java threads
#   Decrease Java thread stack sizes (-Xss)
#   Set larger code cache with -XX:ReservedCodeCacheSize=
#   JVM is running with Unscaled Compressed Oops mode in which the Java heap is
#     placed in the first 4GB address space. The Java Heap base address is the
#     maximum limit for the native heap growth. Please use -XX:HeapBaseMinAddress
#     to set the Java Heap base and to place the Java Heap above 4GB virtual address.
# This output file may be truncated or incomplete.
#
#  Out of Memory Error (os_linux.cpp:2749), pid=28232, tid=0x00007f04390f6700
#
# JRE version: Java(TM) SE Runtime Environment (8.0_201-b09) (build 1.8.0_201-b09)
# Java VM: Java HotSpot(TM) 64-Bit Server VM (25.201-b09 mixed mode linux-amd64 compressed oops)
# Failed to write core dump. Core dumps have been disabled. To enable core dumping, try "ulimit -c unlimited" before starting Java again
#

---------------  T H R E A D  ---------------

Current thread (0x00007f0450140800):  VMThread [stack: 0x00007f0438ff7000,0x00007f04390f7000] [id=28238]

Stack: [0x00007f0438ff7000,0x00007f04390f7000],  sp=0x00007f04390f53d0,  free space=1016k
Native frames: (J=compiled Java code, j=interpreted, Vv=VM code, C=native code)
V  [libjvm.so+0xad3525]  VMError::report_and_die()+0x2e5
V  [libjvm.so+0x4e0457]  report_vm_out_of_memory(char const*, int, unsigned long, VMErrorType, char const*)+0x67
V  [libjvm.so+0x9102f0]  os::pd_commit_memory(char*, unsigned long, unsigned long, bool)+0x100
V  [libjvm.so+0x90791f]  os::commit_memory(char*, unsigned long, unsigned long, bool)+0x1f
V  [libjvm.so+0x98c806]  PSVirtualSpace::expand_by(unsigned long)+0x56
V  [libjvm.so+0x97badb]  PSOldGen::expand_by(unsigned long) [clone .part.28]+0x1b
V  [libjvm.so+0x97bc98]  PSOldGen::expand(unsigned long) [clone .part.29]+0xa8
V  [libjvm.so+0x97c841]  PSOldGen::resize(unsigned long)+0xe1
V  [libjvm.so+0x98297c]  PSParallelCompact::invoke_no_policy(bool) [clone .part.118]+0xa2c
V  [libjvm.so+0x98a795]  PSScavenge::invoke()+0x215
V  [libjvm.so+0x93a318]  ParallelScavengeHeap::failed_mem_allocate(unsigned long)+0x68
V  [libjvm.so+0xad5073]  VM_ParallelGCFailedAllocation::doit()+0x93
V  [libjvm.so+0xada296]  VM_Operation::evaluate()+0x46
V  [libjvm.so+0xad85cd]  VMThread::evaluate_operation(VM_Operation*) [clone .constprop.44]+0xcd
V  [libjvm.so+0xad8bb3]  VMThread::loop()+0x3a3
V  [libjvm.so+0xad8f88]  VMThread::run()+0x78
V  [libjvm.so+0x90d922]  java_start(Thread*)+0x102

VM_Operation (0x00007f04575ec700): ParallelGCFailedAllocation, mode: safepoint, requested by thread 0x00007f045000b000


---------------  P R O C E S S  ---------------

Java Threads: ( => current thread )
  0x00007f0414001000 JavaThread "SIGINT handler" daemon [_thread_blocked, id=28260, stack(0x00007f0432ff0000,0x00007f04330f1000)]
  0x00007f03e0016800 JavaThread "Thread-10" daemon [_thread_blocked, id=28257, stack(0x00007f04330f1000,0x00007f04331f2000)]
  0x00007f0450294000 JavaThread "Thread-9" [_thread_blocked, id=28256, stack(0x00007f04331f2000,0x00007f04332f3000)]
  0x00007f0450292000 JavaThread "Thread-8" [_thread_blocked, id=28255, stack(0x00007f04332f3000,0x00007f04333f4000)]
  0x00007f045027d800 JavaThread "Thread-7" [_thread_blocked, id=28254, stack(0x00007f04333f4000,0x00007f04334f5000)]
  0x00007f045027c000 JavaThread "Thread-6" [_thread_blocked, id=28253, stack(0x00007f04334f5000,0x00007f04335f6000)]
  0x00007f045027a800 JavaThread "Thread-5" [_thread_blocked, id=28252, stack(0x00007f04335f6000,0x00007f04336f7000)]
  0x00007f0450278800 JavaThread "Thread-4" [_thread_blocked, id=28251, stack(0x00007f04336f7000,0x00007f04337f8000)]
  0x00007f0450277000 JavaThread "Thread-3" [_thread_blocked, id=28250, stack(0x00007f04337f8000,0x00007f04338f9000)]
  0x00007f045028e000 JavaThread "Thread-2" [_thread_blocked, id=28249, stack(0x00007f04338f9000,0x00007f04339fa000)]
  0x00007f04501dc800 JavaThread "Thread-1" [_thread_blocked, id=28248, stack(0x00007f04339fa000,0x00007f0433afb000)]
  0x00007f0450289000 JavaThread "Thread-0" [_thread_blocked, id=28247, stack(0x00007f0433afb000,0x00007f0433bfc000)]
  0x00007f0450192000 JavaThread "Service Thread" daemon [_thread_blocked, id=28245, stack(0x00007f0433cfd000,0x00007f0433dfe000)]
  0x00007f0450186800 JavaThread "C1 CompilerThread2" daemon [_thread_blocked, id=28244, stack(0x00007f0433dff000,0x00007f0433eff000)]
  0x00007f0450185000 JavaThread "C2 CompilerThread1" daemon [_thread_blocked, id=28243, stack(0x00007f0433f00000,0x00007f0434000000)]
  0x00007f0450182000 JavaThread "C2 CompilerThread0" daemon [_thread_blocked, id=28242, stack(0x00007f04380f3000,0x00007f04381f3000)]
  0x00007f0450180800 JavaThread "Signal Dispatcher" daemon [_thread_blocked, id=28241, stack(0x00007f04381f3000,0x00007f04382f4000)]
  0x00007f045014c800 JavaThread "Finalizer" daemon [_thread_blocked, id=28240, stack(0x00007f0438df4000,0x00007f0438ef5000)]
  0x00007f045014a000 JavaThread "Reference Handler" daemon [_thread_blocked, id=28239, stack(0x00007f0438ef5000,0x00007f0438ff6000)]
  0x00007f045000b000 JavaThread "main" [_thread_blocked, id=28233, stack(0x00007f04574ee000,0x00007f04575ee000)]

Other Threads:
=>0x00007f0450140800 VMThread [stack: 0x00007f0438ff7000,0x00007f04390f7000] [id=28238]

VM state:at safepoint (normal execution)

VM Mutex/Monitor currently owned by a thread:  ([mutex/lock_event])
[0x00007f0450007300] ExpandHeap_lock - owner thread: 0x00007f0450140800
[0x00007f0450007980] Threads_lock - owner thread: 0x00007f0450140800
[0x00007f0450007e80] Heap_lock - owner thread: 0x00007f045000b000

heap address: 0x00000000c3c00000, size: 964 MB, Compressed Oops mode: 32-bit
Narrow klass base: 0x0000000000000000, Narrow klass shift: 3
Compressed class space size: 1073741824 Address: 0x0000000100000000

Heap:
 PSYoungGen      total 219136K, used 55637K [0x00000000ebf00000, 0x0000000100000000, 0x0000000100000000)
  eden space 109568K, 0% used [0x00000000ebf00000,0x00000000ebf00000,0x00000000f2a00000)
  from space 109568K, 50% used [0x00000000f9500000,0x00000000fcb55448,0x0000000100000000)
  to   space 109568K, 0% used [0x00000000f2a00000,0x00000000f2a00000,0x00000000f9500000)
 ParOldGen       total 566272K, used 565933K [0x00000000c3c00000, 0x00000000e6500000, 0x00000000ebf00000)
  object space 566272K, 99% used [0x00000000c3c00000,0x00000000e64ab550,0x00000000e6500000)
 Metaspace       used 3834K, capacity 5292K, committed 5504K, reserved 1056768K
  class space    used 464K, capacity 562K, committed 640K, reserved 1048576K

Card table byte_map: [0x00007f0440e1d000,0x00007f0441000000] byte_map_base: 0x00007f04407ff000

Marking Bits: (ParMarkBitMap*) 0x00007f045699ad80
 Begin Bits: [0x00007f043a1e0000, 0x00007f043b0f0000)
 End Bits:   [0x00007f043b0f0000, 0x00007f043c000000)

Polling page: 0x00007f045760a000

CodeCache: size=245760Kb used=2112Kb max_used=2116Kb free=243647Kb
 bounds [0x00007f0441000000, 0x00007f0441270000, 0x00007f0450000000]
 total_blobs=563 nmethods=317 adapters=160
 compilation: enabled

Compilation events (10 events):
Event: 3,483 Thread 0x00007f0450186800 nmethod 313 0x00007f044120f850 code [0x00007f044120f9a0, 0x00007f044120faf0]
Event: 3,690 Thread 0x00007f0450186800  314       3       java.util.concurrent.locks.AbstractOwnableSynchronizer::setExclusiveOwnerThread (6 bytes)
Event: 3,690 Thread 0x00007f0450186800 nmethod 314 0x00007f044120f510 code [0x00007f044120f660, 0x00007f044120f7d0]
Event: 6,331 Thread 0x00007f0450186800  315       3       java.util.concurrent.locks.AbstractQueuedSynchronizer::compareAndSetState (13 bytes)
Event: 6,729 Thread 0x00007f0450186800 nmethod 315 0x00007f044120f1d0 code [0x00007f044120f320, 0x00007f044120f490]
Event: 6,729 Thread 0x00007f0450186800  316       3       java.util.concurrent.locks.ReentrantLock$Sync::tryRelease (45 bytes)
Event: 10,557 Thread 0x00007f0450186800 nmethod 316 0x00007f044120e950 code [0x00007f044120eae0, 0x00007f044120f088]
Event: 10,557 Thread 0x00007f0450186800  317       3       java.util.concurrent.locks.AbstractQueuedSynchronizer::release (33 bytes)
Event: 10,568 Thread 0x00007f0450186800 nmethod 317 0x00007f044120e3d0 code [0x00007f044120e560, 0x00007f044120e878]
Event: 11,004 Thread 0x00007f0450186800  318       3       java.util.concurrent.locks.ReentrantLock::lock (8 bytes)

GC Heap History (10 events):
Event: 7,048 GC heap after
Heap after GC invocations=17 (full 4):
 PSYoungGen      total 174592K, used 52512K [0x00000000ebf00000, 0x00000000fed80000, 0x0000000100000000)
  eden space 65024K, 0% used [0x00000000ebf00000,0x00000000ebf00000,0x00000000efe80000)
  from space 109568K, 47% used [0x00000000efe80000,0x00000000f31c8000,0x00000000f6980000)
  to   space 109568K, 0% used [0x00000000f8280000,0x00000000f8280000,0x00000000fed80000)
 ParOldGen       total 383488K, used 382330K [0x00000000c3c00000, 0x00000000db280000, 0x00000000ebf00000)
  object space 383488K, 99% used [0x00000000c3c00000,0x00000000db15e8d0,0x00000000db280000)
 Metaspace       used 3826K, capacity 5292K, committed 5504K, reserved 1056768K
  class space    used 463K, capacity 562K, committed 640K, reserved 1048576K
}
Event: 7,048 GC heap before
{Heap before GC invocations=18 (full 5):
 PSYoungGen      total 174592K, used 52512K [0x00000000ebf00000, 0x00000000fed80000, 0x0000000100000000)
  eden space 65024K, 0% used [0x00000000ebf00000,0x00000000ebf00000,0x00000000efe80000)
  from space 109568K, 47% used [0x00000000efe80000,0x00000000f31c8000,0x00000000f6980000)
  to   space 109568K, 0% used [0x00000000f8280000,0x00000000f8280000,0x00000000fed80000)
 ParOldGen       total 383488K, used 382330K [0x00000000c3c00000, 0x00000000db280000, 0x00000000ebf00000)
  object space 383488K, 99% used [0x00000000c3c00000,0x00000000db15e8d0,0x00000000db280000)
 Metaspace       used 3826K, capacity 5292K, committed 5504K, reserved 1056768K
  class space    used 463K, capacity 562K, committed 640K, reserved 1048576K
Event: 10,103 GC heap after
Heap after GC invocations=18 (full 5):
 PSYoungGen      total 174592K, used 50902K [0x00000000ebf00000, 0x00000000fed80000, 0x0000000100000000)
  eden space 65024K, 0% used [0x00000000ebf00000,0x00000000ebf00000,0x00000000efe80000)
  from space 109568K, 46% used [0x00000000efe80000,0x00000000f3035958,0x00000000f6980000)
  to   space 109568K, 0% used [0x00000000f8280000,0x00000000f8280000,0x00000000fed80000)
 ParOldGen       total 566272K, used 383456K [0x00000000c3c00000, 0x00000000e6500000, 0x00000000ebf00000)
  object space 566272K, 67% used [0x00000000c3c00000,0x00000000db278298,0x00000000e6500000)
 Metaspace       used 3826K, capacity 5292K, committed 5504K, reserved 1056768K
  class space    used 463K, capacity 562K, committed 640K, reserved 1048576K
}
Event: 10,191 GC heap before
{Heap before GC invocations=19 (full 5):
 PSYoungGen      total 174592K, used 115926K [0x00000000ebf00000, 0x00000000fed80000, 0x0000000100000000)
  eden space 65024K, 100% used [0x00000000ebf00000,0x00000000efe80000,0x00000000efe80000)
  from space 109568K, 46% used [0x00000000efe80000,0x00000000f3035958,0x00000000f6980000)
  to   space 109568K, 0% used [0x00000000f8280000,0x00000000f8280000,0x00000000fed80000)
 ParOldGen       total 566272K, used 383456K [0x00000000c3c00000, 0x00000000e6500000, 0x00000000ebf00000)
  object space 566272K, 67% used [0x00000000c3c00000,0x00000000db278298,0x00000000e6500000)
 Metaspace       used 3827K, capacity 5292K, committed 5504K, reserved 1056768K
  class space    used 463K, capacity 562K, committed 640K, reserved 1048576K
Event: 10,557 GC heap after
Heap after GC invocations=19 (full 5):
 PSYoungGen      total 189952K, used 51488K [0x00000000ebf00000, 0x00000000fe880000, 0x0000000100000000)
  eden space 85504K, 0% used [0x00000000ebf00000,0x00000000ebf00000,0x00000000f1280000)
  from space 104448K, 49% used [0x00000000f8280000,0x00000000fb4c8000,0x00000000fe880000)
  to   space 109568K, 0% used [0x00000000f1280000,0x00000000f1280000,0x00000000f7d80000)
 ParOldGen       total 566272K, used 434520K [0x00000000c3c00000, 0x00000000e6500000, 0x00000000ebf00000)
  object space 566272K, 76% used [0x00000000c3c00000,0x00000000de456298,0x00000000e6500000)
 Metaspace       used 3827K, capacity 5292K, committed 5504K, reserved 1056768K
  class space    used 463K, capacity 562K, committed 640K, reserved 1048576K
}
Event: 10,619 GC heap before
{Heap before GC invocations=20 (full 5):
 PSYoungGen      total 189952K, used 136992K [0x00000000ebf00000, 0x00000000fe880000, 0x0000000100000000)
  eden space 85504K, 100% used [0x00000000ebf00000,0x00000000f1280000,0x00000000f1280000)
  from space 104448K, 49% used [0x00000000f8280000,0x00000000fb4c8000,0x00000000fe880000)
  to   space 109568K, 0% used [0x00000000f1280000,0x00000000f1280000,0x00000000f7d80000)
 ParOldGen       total 566272K, used 434520K [0x00000000c3c00000, 0x00000000e6500000, 0x00000000ebf00000)
  object space 566272K, 76% used [0x00000000c3c00000,0x00000000de456298,0x00000000e6500000)
 Metaspace       used 3834K, capacity 5292K, committed 5504K, reserved 1056768K
  class space    used 464K, capacity 562K, committed 640K, reserved 1048576K
Event: 10,946 GC heap after
Heap after GC invocations=20 (full 5):
 PSYoungGen      total 195072K, used 67008K [0x00000000ebf00000, 0x0000000100000000, 0x0000000100000000)
  eden space 85504K, 0% used [0x00000000ebf00000,0x00000000ebf00000,0x00000000f1280000)
  from space 109568K, 61% used [0x00000000f1280000,0x00000000f53f0000,0x00000000f7d80000)
  to   space 109568K, 0% used [0x00000000f9500000,0x00000000f9500000,0x0000000100000000)
 ParOldGen       total 566272K, used 486080K [0x00000000c3c00000, 0x00000000e6500000, 0x00000000ebf00000)
  object space 566272K, 85% used [0x00000000c3c00000,0x00000000e16b0298,0x00000000e6500000)
 Metaspace       used 3834K, capacity 5292K, committed 5504K, reserved 1056768K
  class space    used 464K, capacity 562K, committed 640K, reserved 1048576K
}
Event: 11,006 GC heap before
{Heap before GC invocations=21 (full 5):
 PSYoungGen      total 195072K, used 152512K [0x00000000ebf00000, 0x0000000100000000, 0x0000000100000000)
  eden space 85504K, 100% used [0x00000000ebf00000,0x00000000f1280000,0x00000000f1280000)
  from space 109568K, 61% used [0x00000000f1280000,0x00000000f53f0000,0x00000000f7d80000)
  to   space 109568K, 0% used [0x00000000f9500000,0x00000000f9500000,0x0000000100000000)
 ParOldGen       total 566272K, used 486080K [0x00000000c3c00000, 0x00000000e6500000, 0x00000000ebf00000)
  object space 566272K, 85% used [0x00000000c3c00000,0x00000000e16b0298,0x00000000e6500000)
 Metaspace       used 3834K, capacity 5292K, committed 5504K, reserved 1056768K
  class space    used 464K, capacity 562K, committed 640K, reserved 1048576K
Event: 12,212 GC heap after
Heap after GC invocations=21 (full 5):
 PSYoungGen      total 219136K, used 69056K [0x00000000ebf00000, 0x0000000100000000, 0x0000000100000000)
  eden space 109568K, 0% used [0x00000000ebf00000,0x00000000ebf00000,0x00000000f2a00000)
  from space 109568K, 63% used [0x00000000f9500000,0x00000000fd870000,0x0000000100000000)
  to   space 109568K, 0% used [0x00000000f2a00000,0x00000000f2a00000,0x00000000f9500000)
 ParOldGen       total 566272K, used 553184K [0x00000000c3c00000, 0x00000000e6500000, 0x00000000ebf00000)
  object space 566272K, 97% used [0x00000000c3c00000,0x00000000e5838298,0x00000000e6500000)
 Metaspace       used 3834K, capacity 5292K, committed 5504K, reserved 1056768K
  class space    used 464K, capacity 562K, committed 640K, reserved 1048576K
}
Event: 12,345 GC heap before
{Heap before GC invocations=22 (full 6):
 PSYoungGen      total 219136K, used 69056K [0x00000000ebf00000, 0x0000000100000000, 0x0000000100000000)
  eden space 109568K, 0% used [0x00000000ebf00000,0x00000000ebf00000,0x00000000f2a00000)
  from space 109568K, 63% used [0x00000000f9500000,0x00000000fd870000,0x0000000100000000)
  to   space 109568K, 0% used [0x00000000f2a00000,0x00000000f2a00000,0x00000000f9500000)
 ParOldGen       total 566272K, used 553184K [0x00000000c3c00000, 0x00000000e6500000, 0x00000000ebf00000)
  object space 566272K, 97% used [0x00000000c3c00000,0x00000000e5838298,0x00000000e6500000)
 Metaspace       used 3834K, capacity 5292K, committed 5504K, reserved 1056768K
  class space    used 464K, capacity 562K, committed 640K, reserved 1048576K

Deoptimization events (6 events):
Event: 0,143 Thread 0x00007f045000b000 Uncommon trap: reason=class_check action=maybe_recompile pc=0x00007f044116528c method=java.util.zip.InflaterInputStream.read([BII)I @ 100
Event: 0,144 Thread 0x00007f045000b000 Uncommon trap: reason=class_check action=maybe_recompile pc=0x00007f044116528c method=java.util.zip.InflaterInputStream.read([BII)I @ 100
Event: 0,144 Thread 0x00007f045000b000 Uncommon trap: reason=class_check action=maybe_recompile pc=0x00007f044116528c method=java.util.zip.InflaterInputStream.read([BII)I @ 100
Event: 0,145 Thread 0x00007f045000b000 Uncommon trap: reason=class_check action=maybe_recompile pc=0x00007f044116528c method=java.util.zip.InflaterInputStream.read([BII)I @ 100
Event: 0,286 Thread 0x00007f0450294000 Uncommon trap: reason=unstable_if action=reinterpret pc=0x00007f04411cb1ec method=is.hi.cs.morpho.Task.timeSlice(Lis/hi/cs/morpho/Machine;)V @ 458
Event: 0,332 Thread 0x00007f0450294000 Uncommon trap: reason=unstable_if action=reinterpret pc=0x00007f04411b434c method=is.hi.cs.morpho.Task.timeSlice(Lis/hi/cs/morpho/Machine;)V @ 458

Classes redefined (0 events):
No events

Internal exceptions (4 events):
Event: 0,027 Thread 0x00007f045000b000 Exception <a 'java/lang/NoSuchMethodError': Method sun.misc.Unsafe.defineClass(Ljava/lang/String;[BII)Ljava/lang/Class; name or signature does not match> (0x00000000ebf07cb0) thrown at [/HUDSON/workspace/8-2-build-linux-amd64/jdk8u201/12317/hotspot/src/sh
Event: 0,027 Thread 0x00007f045000b000 Exception <a 'java/lang/NoSuchMethodError': Method sun.misc.Unsafe.prefetchRead(Ljava/lang/Object;J)V name or signature does not match> (0x00000000ebf07f98) thrown at [/HUDSON/workspace/8-2-build-linux-amd64/jdk8u201/12317/hotspot/src/share/vm/prims/jni.c
Event: 0,204 Thread 0x00007f0450294000 Exception <a 'java/lang/NoClassDefFoundError': cli/System/Object> (0x00000000ec366ca0) thrown at [/HUDSON/workspace/8-2-build-linux-amd64/jdk8u201/12317/hotspot/src/share/vm/classfile/systemDictionary.cpp, line 199]
Event: 0,204 Thread 0x00007f0450294000 Exception <a 'java/lang/NoClassDefFoundError': org/jblas/DoubleMatrix> (0x00000000ec367760) thrown at [/HUDSON/workspace/8-2-build-linux-amd64/jdk8u201/12317/hotspot/src/share/vm/classfile/systemDictionary.cpp, line 199]

Events (10 events):
Event: 10,144 Executing VM operation: ParallelGCFailedAllocation
Event: 10,557 Executing VM operation: ParallelGCFailedAllocation done
Event: 10,581 Thread 0x00007f0414001000 Thread added: 0x00007f0414001000
Event: 10,586 loading class java/lang/Shutdown
Event: 10,602 loading class java/lang/Shutdown done
Event: 10,606 loading class java/lang/Shutdown$Lock
Event: 10,606 loading class java/lang/Shutdown$Lock done
Event: 10,619 Executing VM operation: ParallelGCFailedAllocation
Event: 10,946 Executing VM operation: ParallelGCFailedAllocation done
Event: 11,004 Executing VM operation: ParallelGCFailedAllocation


Dynamic libraries:
00400000-00401000 r-xp 00000000 08:02 5641031                            /usr/lib/jvm/java-8-oracle/jre/bin/java
00600000-00601000 r--p 00000000 08:02 5641031                            /usr/lib/jvm/java-8-oracle/jre/bin/java
00601000-00602000 rw-p 00001000 08:02 5641031                            /usr/lib/jvm/java-8-oracle/jre/bin/java
01f4f000-01f70000 rw-p 00000000 00:00 0                                  [heap]
c3c00000-e6500000 rw-p 00000000 00:00 0 
ebf00000-100000000 rw-p 00000000 00:00 0 
100000000-1000a0000 rw-p 00000000 00:00 0 
1000a0000-140000000 ---p 00000000 00:00 0 
7f03d4000000-7f03d4021000 rw-p 00000000 00:00 0 
7f03d4021000-7f03d8000000 ---p 00000000 00:00 0 
7f03d8000000-7f03d8021000 rw-p 00000000 00:00 0 
7f03d8021000-7f03dc000000 ---p 00000000 00:00 0 
7f03dc000000-7f03dc021000 rw-p 00000000 00:00 0 
7f03dc021000-7f03e0000000 ---p 00000000 00:00 0 
7f03e0000000-7f03e00c4000 rw-p 00000000 00:00 0 
7f03e00c4000-7f03e4000000 ---p 00000000 00:00 0 
7f03e4000000-7f03e4021000 rw-p 00000000 00:00 0 
7f03e4021000-7f03e8000000 ---p 00000000 00:00 0 
7f03e8000000-7f03e8021000 rw-p 00000000 00:00 0 
7f03e8021000-7f03ec000000 ---p 00000000 00:00 0 
7f03ec000000-7f03ec021000 rw-p 00000000 00:00 0 
7f03ec021000-7f03f0000000 ---p 00000000 00:00 0 
7f03f0000000-7f03f0021000 rw-p 00000000 00:00 0 
7f03f0021000-7f03f4000000 ---p 00000000 00:00 0 
7f03f4000000-7f03f4021000 rw-p 00000000 00:00 0 
7f03f4021000-7f03f8000000 ---p 00000000 00:00 0 
7f03f8000000-7f03f8021000 rw-p 00000000 00:00 0 
7f03f8021000-7f03fc000000 ---p 00000000 00:00 0 
7f03fc000000-7f03fc021000 rw-p 00000000 00:00 0 
7f03fc021000-7f0400000000 ---p 00000000 00:00 0 
7f0400000000-7f0400021000 rw-p 00000000 00:00 0 
7f0400021000-7f0404000000 ---p 00000000 00:00 0 
7f0404000000-7f0404021000 rw-p 00000000 00:00 0 
7f0404021000-7f0408000000 ---p 00000000 00:00 0 
7f0408000000-7f0408021000 rw-p 00000000 00:00 0 
7f0408021000-7f040c000000 ---p 00000000 00:00 0 
7f040c000000-7f040c113000 rw-p 00000000 00:00 0 
7f040c113000-7f0410000000 ---p 00000000 00:00 0 
7f0410000000-7f0410210000 rw-p 00000000 00:00 0 
7f0410210000-7f0414000000 ---p 00000000 00:00 0 
7f0414000000-7f0414021000 rw-p 00000000 00:00 0 
7f0414021000-7f0418000000 ---p 00000000 00:00 0 
7f0418000000-7f04180c8000 rw-p 00000000 00:00 0 
7f04180c8000-7f041c000000 ---p 00000000 00:00 0 
7f041c000000-7f041c021000 rw-p 00000000 00:00 0 
7f041c021000-7f0420000000 ---p 00000000 00:00 0 
7f0420000000-7f0420021000 rw-p 00000000 00:00 0 
7f0420021000-7f0424000000 ---p 00000000 00:00 0 
7f0424000000-7f0424021000 rw-p 00000000 00:00 0 
7f0424021000-7f0428000000 ---p 00000000 00:00 0 
7f0428000000-7f042829d000 rw-p 00000000 00:00 0 
7f042829d000-7f042c000000 ---p 00000000 00:00 0 
7f042c000000-7f042c021000 rw-p 00000000 00:00 0 
7f042c021000-7f0430000000 ---p 00000000 00:00 0 
7f0432ff0000-7f0432ff3000 ---p 00000000 00:00 0 
7f0432ff3000-7f04330f1000 rw-p 00000000 00:00 0 
7f04330f1000-7f04330f4000 ---p 00000000 00:00 0 
7f04330f4000-7f04331f2000 rw-p 00000000 00:00 0 
7f04331f2000-7f04331f5000 ---p 00000000 00:00 0 
7f04331f5000-7f04332f3000 rw-p 00000000 00:00 0 
7f04332f3000-7f04332f6000 ---p 00000000 00:00 0 
7f04332f6000-7f04333f4000 rw-p 00000000 00:00 0 
7f04333f4000-7f04333f7000 ---p 00000000 00:00 0 
7f04333f7000-7f04334f5000 rw-p 00000000 00:00 0 
7f04334f5000-7f04334f8000 ---p 00000000 00:00 0 
7f04334f8000-7f04335f6000 rw-p 00000000 00:00 0 
7f04335f6000-7f04335f9000 ---p 00000000 00:00 0 
7f04335f9000-7f04336f7000 rw-p 00000000 00:00 0 
7f04336f7000-7f04336fa000 ---p 00000000 00:00 0 
7f04336fa000-7f04337f8000 rw-p 00000000 00:00 0 
7f04337f8000-7f04337fb000 ---p 00000000 00:00 0 
7f04337fb000-7f04338f9000 rw-p 00000000 00:00 0 
7f04338f9000-7f04338fc000 ---p 00000000 00:00 0 
7f04338fc000-7f04339fa000 rw-p 00000000 00:00 0 
7f04339fa000-7f04339fd000 ---p 00000000 00:00 0 
7f04339fd000-7f0433afb000 rw-p 00000000 00:00 0 
7f0433afb000-7f0433afe000 ---p 00000000 00:00 0 
7f0433afe000-7f0433bfc000 rw-p 00000000 00:00 0 
7f0433bfc000-7f0433bfd000 ---p 00000000 00:00 0 
7f0433bfd000-7f0433cfd000 rw-p 00000000 00:00 0 
7f0433cfd000-7f0433d00000 ---p 00000000 00:00 0 
7f0433d00000-7f0433dfe000 rw-p 00000000 00:00 0 
7f0433dfe000-7f0433dff000 ---p 00000000 00:00 0 
7f0433dff000-7f0433e02000 ---p 00000000 00:00 0 
7f0433e02000-7f0433eff000 rw-p 00000000 00:00 0 
7f0433eff000-7f0433f00000 ---p 00000000 00:00 0 
7f0433f00000-7f0433f03000 ---p 00000000 00:00 0 
7f0433f03000-7f0434000000 rw-p 00000000 00:00 0 
7f0434000000-7f0434021000 rw-p 00000000 00:00 0 
7f0434021000-7f0438000000 ---p 00000000 00:00 0 
7f04380f2000-7f04380f3000 ---p 00000000 00:00 0 
7f04380f3000-7f04380f6000 ---p 00000000 00:00 0 
7f04380f6000-7f04381f3000 rw-p 00000000 00:00 0 
7f04381f3000-7f04381f6000 ---p 00000000 00:00 0 
7f04381f6000-7f04382f4000 rw-p 00000000 00:00 0 
7f04382f4000-7f0438df4000 r--p 00000000 08:02 924356                     /usr/lib/locale/locale-archive
7f0438df4000-7f0438df7000 ---p 00000000 00:00 0 
7f0438df7000-7f0438ef5000 rw-p 00000000 00:00 0 
7f0438ef5000-7f0438ef8000 ---p 00000000 00:00 0 
7f0438ef8000-7f0438ff6000 rw-p 00000000 00:00 0 
7f0438ff6000-7f0438ff7000 ---p 00000000 00:00 0 
7f0438ff7000-7f043a006000 rw-p 00000000 00:00 0 
7f043a006000-7f043a1e0000 r--s 03d6f000 08:02 5641137                    /usr/lib/jvm/java-8-oracle/jre/lib/rt.jar
7f043a1e0000-7f043c000000 rw-p 00000000 00:00 0 
7f043c000000-7f043c021000 rw-p 00000000 00:00 0 
7f043c021000-7f0440000000 ---p 00000000 00:00 0 
7f0440037000-7f04404f7000 rw-p 00000000 00:00 0 
7f04404f7000-7f0440837000 ---p 00000000 00:00 0 
7f0440837000-7f0440a19000 rw-p 00000000 00:00 0 
7f0440a19000-7f0440a1a000 ---p 00000000 00:00 0 
7f0440a1a000-7f0440b1a000 rw-p 00000000 00:00 0 
7f0440b1a000-7f0440b1b000 ---p 00000000 00:00 0 
7f0440b1b000-7f0440c1b000 rw-p 00000000 00:00 0 
7f0440c1b000-7f0440c1c000 ---p 00000000 00:00 0 
7f0440c1c000-7f0440d1c000 rw-p 00000000 00:00 0 
7f0440d1c000-7f0440d1d000 ---p 00000000 00:00 0 
7f0440d1d000-7f0440f32000 rw-p 00000000 00:00 0 
7f0440f32000-7f0440f5e000 ---p 00000000 00:00 0 
7f0440f5e000-7f0440fff000 rw-p 00000000 00:00 0 
7f0440fff000-7f0441000000 rw-p 00000000 00:00 0 
7f0441000000-7f0441270000 rwxp 00000000 00:00 0 
7f0441270000-7f0450000000 ---p 00000000 00:00 0 
7f0450000000-7f045050a000 rw-p 00000000 00:00 0 
7f045050a000-7f0454000000 ---p 00000000 00:00 0 
7f0454015000-7f04541a0000 rw-p 00000000 00:00 0 
7f04541a0000-7f04541cd000 ---p 00000000 00:00 0 
7f04541cd000-7f04541d7000 rw-p 00000000 00:00 0 
7f04541d7000-7f045458d000 ---p 00000000 00:00 0 
7f045458d000-7f04545a8000 r-xp 00000000 08:02 5641350                    /usr/lib/jvm/java-8-oracle/jre/lib/amd64/libzip.so
7f04545a8000-7f04547a7000 ---p 0001b000 08:02 5641350                    /usr/lib/jvm/java-8-oracle/jre/lib/amd64/libzip.so
7f04547a7000-7f04547a8000 r--p 0001a000 08:02 5641350                    /usr/lib/jvm/java-8-oracle/jre/lib/amd64/libzip.so
7f04547a8000-7f04547a9000 rw-p 0001b000 08:02 5641350                    /usr/lib/jvm/java-8-oracle/jre/lib/amd64/libzip.so
7f04547a9000-7f04547b4000 r-xp 00000000 08:02 1839919                    /lib/x86_64-linux-gnu/libnss_files-2.27.so
7f04547b4000-7f04549b3000 ---p 0000b000 08:02 1839919                    /lib/x86_64-linux-gnu/libnss_files-2.27.so
7f04549b3000-7f04549b4000 r--p 0000a000 08:02 1839919                    /lib/x86_64-linux-gnu/libnss_files-2.27.so
7f04549b4000-7f04549b5000 rw-p 0000b000 08:02 1839919                    /lib/x86_64-linux-gnu/libnss_files-2.27.so
7f04549b5000-7f04549bb000 rw-p 00000000 00:00 0 
7f04549bb000-7f04549d2000 r-xp 00000000 08:02 1839913                    /lib/x86_64-linux-gnu/libnsl-2.27.so
7f04549d2000-7f0454bd1000 ---p 00017000 08:02 1839913                    /lib/x86_64-linux-gnu/libnsl-2.27.so
7f0454bd1000-7f0454bd2000 r--p 00016000 08:02 1839913                    /lib/x86_64-linux-gnu/libnsl-2.27.so
7f0454bd2000-7f0454bd3000 rw-p 00017000 08:02 1839913                    /lib/x86_64-linux-gnu/libnsl-2.27.so
7f0454bd3000-7f0454bd5000 rw-p 00000000 00:00 0 
7f0454bd5000-7f0454be0000 r-xp 00000000 08:02 1839930                    /lib/x86_64-linux-gnu/libnss_nis-2.27.so
7f0454be0000-7f0454ddf000 ---p 0000b000 08:02 1839930                    /lib/x86_64-linux-gnu/libnss_nis-2.27.so
7f0454ddf000-7f0454de0000 r--p 0000a000 08:02 1839930                    /lib/x86_64-linux-gnu/libnss_nis-2.27.so
7f0454de0000-7f0454de1000 rw-p 0000b000 08:02 1839930                    /lib/x86_64-linux-gnu/libnss_nis-2.27.so
7f0454de1000-7f0454de9000 r-xp 00000000 08:02 1839915                    /lib/x86_64-linux-gnu/libnss_compat-2.27.so
7f0454de9000-7f0454fe9000 ---p 00008000 08:02 1839915                    /lib/x86_64-linux-gnu/libnss_compat-2.27.so
7f0454fe9000-7f0454fea000 r--p 00008000 08:02 1839915                    /lib/x86_64-linux-gnu/libnss_compat-2.27.so
7f0454fea000-7f0454feb000 rw-p 00009000 08:02 1839915                    /lib/x86_64-linux-gnu/libnss_compat-2.27.so
7f0454feb000-7f0455017000 r-xp 00000000 08:02 5641344                    /usr/lib/jvm/java-8-oracle/jre/lib/amd64/libjava.so
7f0455017000-7f0455217000 ---p 0002c000 08:02 5641344                    /usr/lib/jvm/java-8-oracle/jre/lib/amd64/libjava.so
7f0455217000-7f0455218000 r--p 0002c000 08:02 5641344                    /usr/lib/jvm/java-8-oracle/jre/lib/amd64/libjava.so
7f0455218000-7f045521a000 rw-p 0002d000 08:02 5641344                    /usr/lib/jvm/java-8-oracle/jre/lib/amd64/libjava.so
7f045521a000-7f0455227000 r-xp 00000000 08:02 5641349                    /usr/lib/jvm/java-8-oracle/jre/lib/amd64/libverify.so
7f0455227000-7f0455426000 ---p 0000d000 08:02 5641349                    /usr/lib/jvm/java-8-oracle/jre/lib/amd64/libverify.so
7f0455426000-7f0455428000 r--p 0000c000 08:02 5641349                    /usr/lib/jvm/java-8-oracle/jre/lib/amd64/libverify.so
7f0455428000-7f0455429000 rw-p 0000e000 08:02 5641349                    /usr/lib/jvm/java-8-oracle/jre/lib/amd64/libverify.so
7f0455429000-7f0455430000 r-xp 00000000 08:02 1839970                    /lib/x86_64-linux-gnu/librt-2.27.so
7f0455430000-7f045562f000 ---p 00007000 08:02 1839970                    /lib/x86_64-linux-gnu/librt-2.27.so
7f045562f000-7f0455630000 r--p 00006000 08:02 1839970                    /lib/x86_64-linux-gnu/librt-2.27.so
7f0455630000-7f0455631000 rw-p 00007000 08:02 1839970                    /lib/x86_64-linux-gnu/librt-2.27.so
7f0455631000-7f04557ce000 r-xp 00000000 08:02 1839892                    /lib/x86_64-linux-gnu/libm-2.27.so
7f04557ce000-7f04559cd000 ---p 0019d000 08:02 1839892                    /lib/x86_64-linux-gnu/libm-2.27.so
7f04559cd000-7f04559ce000 r--p 0019c000 08:02 1839892                    /lib/x86_64-linux-gnu/libm-2.27.so
7f04559ce000-7f04559cf000 rw-p 0019d000 08:02 1839892                    /lib/x86_64-linux-gnu/libm-2.27.so
7f04559cf000-7f04566b7000 r-xp 00000000 08:02 5641326                    /usr/lib/jvm/java-8-oracle/jre/lib/amd64/server/libjvm.so
7f04566b7000-7f04568b6000 ---p 00ce8000 08:02 5641326                    /usr/lib/jvm/java-8-oracle/jre/lib/amd64/server/libjvm.so
7f04568b6000-7f045694c000 r--p 00ce7000 08:02 5641326                    /usr/lib/jvm/java-8-oracle/jre/lib/amd64/server/libjvm.so
7f045694c000-7f045697d000 rw-p 00d7d000 08:02 5641326                    /usr/lib/jvm/java-8-oracle/jre/lib/amd64/server/libjvm.so
7f045697d000-7f04569b8000 rw-p 00000000 00:00 0 
7f04569b8000-7f0456b9f000 r-xp 00000000 08:02 1839829                    /lib/x86_64-linux-gnu/libc-2.27.so
7f0456b9f000-7f0456d9f000 ---p 001e7000 08:02 1839829                    /lib/x86_64-linux-gnu/libc-2.27.so
7f0456d9f000-7f0456da3000 r--p 001e7000 08:02 1839829                    /lib/x86_64-linux-gnu/libc-2.27.so
7f0456da3000-7f0456da5000 rw-p 001eb000 08:02 1839829                    /lib/x86_64-linux-gnu/libc-2.27.so
7f0456da5000-7f0456da9000 rw-p 00000000 00:00 0 
7f0456da9000-7f0456dac000 r-xp 00000000 08:02 1839852                    /lib/x86_64-linux-gnu/libdl-2.27.so
7f0456dac000-7f0456fab000 ---p 00003000 08:02 1839852                    /lib/x86_64-linux-gnu/libdl-2.27.so
7f0456fab000-7f0456fac000 r--p 00002000 08:02 1839852                    /lib/x86_64-linux-gnu/libdl-2.27.so
7f0456fac000-7f0456fad000 rw-p 00003000 08:02 1839852                    /lib/x86_64-linux-gnu/libdl-2.27.so
7f0456fad000-7f0456fc4000 r-xp 00000000 08:02 5641321                    /usr/lib/jvm/java-8-oracle/jre/lib/amd64/jli/libjli.so
7f0456fc4000-7f04571c3000 ---p 00017000 08:02 5641321                    /usr/lib/jvm/java-8-oracle/jre/lib/amd64/jli/libjli.so
7f04571c3000-7f04571c4000 r--p 00016000 08:02 5641321                    /usr/lib/jvm/java-8-oracle/jre/lib/amd64/jli/libjli.so
7f04571c4000-7f04571c5000 rw-p 00017000 08:02 5641321                    /usr/lib/jvm/java-8-oracle/jre/lib/amd64/jli/libjli.so
7f04571c5000-7f04571df000 r-xp 00000000 08:02 1839962                    /lib/x86_64-linux-gnu/libpthread-2.27.so
7f04571df000-7f04573de000 ---p 0001a000 08:02 1839962                    /lib/x86_64-linux-gnu/libpthread-2.27.so
7f04573de000-7f04573df000 r--p 00019000 08:02 1839962                    /lib/x86_64-linux-gnu/libpthread-2.27.so
7f04573df000-7f04573e0000 rw-p 0001a000 08:02 1839962                    /lib/x86_64-linux-gnu/libpthread-2.27.so
7f04573e0000-7f04573e4000 rw-p 00000000 00:00 0 
7f04573e4000-7f045740b000 r-xp 00000000 08:02 1839801                    /lib/x86_64-linux-gnu/ld-2.27.so
7f0457430000-7f04574ed000 rw-p 00000000 00:00 0 
7f04574ed000-7f04574ee000 ---p 00000000 00:00 0 
7f04574ee000-7f04574f1000 ---p 00000000 00:00 0 
7f04574f1000-7f04575f2000 rw-p 00000000 00:00 0 
7f04575f9000-7f0457601000 r--s 00062000 08:02 6852643                    /home/gulli/Desktop/skóli/þýðendur/morphodist/morpho.jar
7f0457601000-7f0457609000 rw-s 00000000 08:02 3670185                    /tmp/hsperfdata_gulli/28232
7f0457609000-7f045760a000 rw-p 00000000 00:00 0 
7f045760a000-7f045760b000 ---p 00000000 00:00 0 
7f045760b000-7f045760c000 r--p 00027000 08:02 1839801                    /lib/x86_64-linux-gnu/ld-2.27.so
7f045760c000-7f045760d000 rw-p 00028000 08:02 1839801                    /lib/x86_64-linux-gnu/ld-2.27.so
7f045760d000-7f045760e000 rw-p 00000000 00:00 0 
7fff3170d000-7fff3172f000 rw-p 00000000 00:00 0                          [stack]
7fff31754000-7fff31757000 r--p 00000000 00:00 0                          [vvar]
7fff31757000-7fff31759000 r-xp 00000000 00:00 0                          [vdso]
ffffffffff600000-ffffffffff601000 r-xp 00000000 00:00 0                  [vsyscall]

VM Arguments:
java_command: /home/gulli/Desktop/skóli/þýðendur/morphodist/morpho.jar tests/test
java_class_path (initial): /home/gulli/Desktop/skóli/þýðendur/morphodist/morpho.jar
Launcher Type: SUN_STANDARD

Environment Variables:
JAVA_HOME=/usr/lib/jvm/java-8-oracle
PATH=/home/gulli/anaconda3/bin:/home/gulli/.local/bin:/home/gulli/.nvm/versions/node/v11.6.0/bin:/home/gulli/anaconda3/bin:/home/gulli/.local/bin:/usr/local/sbin:/usr/local/bin:/usr/sbin:/usr/bin:/sbin:/bin:/usr/games:/usr/local/games:/snap/bin:/home/gulli/.dotnet/tools:/usr/lib/jvm/java-8-oracle/bin:/usr/lib/jvm/java-8-oracle/db/bin:/usr/lib/jvm/java-8-oracle/jre/bin:/home/gulli/.dotnet/tools:/usr/lib/jvm/java-8-oracle/bin:/usr/lib/jvm/java-8-oracle/db/bin:/usr/lib/jvm/java-8-oracle/jre/bin
USERNAME=gulli
SHELL=/bin/bash
DISPLAY=:0

Signal Handlers:
SIGSEGV: [libjvm.so+0xad3e60], sa_mask[0]=11111111011111111101111111111110, sa_flags=SA_RESTART|SA_SIGINFO
SIGBUS: [libjvm.so+0xad3e60], sa_mask[0]=11111111011111111101111111111110, sa_flags=SA_RESTART|SA_SIGINFO
SIGFPE: [libjvm.so+0x90b880], sa_mask[0]=11111111011111111101111111111110, sa_flags=SA_RESTART|SA_SIGINFO
SIGPIPE: [libjvm.so+0x90b880], sa_mask[0]=11111111011111111101111111111110, sa_flags=SA_RESTART|SA_SIGINFO
SIGXFSZ: [libjvm.so+0x90b880], sa_mask[0]=11111111011111111101111111111110, sa_flags=SA_RESTART|SA_SIGINFO
SIGILL: [libjvm.so+0x90b880], sa_mask[0]=11111111011111111101111111111110, sa_flags=SA_RESTART|SA_SIGINFO
SIGUSR1: SIG_DFL, sa_mask[0]=00000000000000000000000000000000, sa_flags=none
SIGUSR2: [libjvm.so+0x90b750], sa_mask[0]=00000000000000000000000000000000, sa_flags=SA_RESTART|SA_SIGINFO
SIGHUP: [libjvm.so+0x90bd70], sa_mask[0]=11111111011111111101111111111110, sa_flags=SA_RESTART|SA_SIGINFO
SIGINT: [libjvm.so+0x90bd70], sa_mask[0]=11111111011111111101111111111110, sa_flags=SA_RESTART|SA_SIGINFO
SIGTERM: [libjvm.so+0x90bd70], sa_mask[0]=11111111011111111101111111111110, sa_flags=SA_RESTART|SA_SIGINFO
SIGQUIT: [libjvm.so+0x90bd70], sa_mask[0]=11111111011111111101111111111110, sa_flags=SA_RESTART|SA_SIGINFO


---------------  S Y S T E M  ---------------

OS:DISTRIB_ID=Ubuntu
DISTRIB_RELEASE=18.04
DISTRIB_CODENAME=bionic
DISTRIB_DESCRIPTION="Ubuntu 18.04.4 LTS"

uname:Linux 4.15.0-88-generic #88-Ubuntu SMP Tue Feb 11 20:11:34 UTC 2020 x86_64
libc:glibc 2.27 NPTL 2.27 
rlimit: STACK 8192k, CORE 0k, NPROC 13981, NOFILE 1048576, AS infinity
load average:12,83 3,76 1,82

/proc/meminfo:
MemTotal:        3941800 kB
MemFree:           84556 kB
MemAvailable:          0 kB
Buffers:             352 kB
Cached:           357560 kB
SwapCached:           68 kB
Active:          2958028 kB
Inactive:         601812 kB
Active(anon):    2949820 kB
Inactive(anon):   589992 kB
Active(file):       8208 kB
Inactive(file):    11820 kB
Unevictable:         204 kB
Mlocked:             204 kB
SwapTotal:       2097148 kB
SwapFree:              0 kB
Dirty:                20 kB
Writeback:            20 kB
AnonPages:       3202092 kB
Mapped:            48364 kB
Shmem:            337904 kB
Slab:             119112 kB
SReclaimable:      45272 kB
SUnreclaim:        73840 kB
KernelStack:       16688 kB
PageTables:        85440 kB
NFS_Unstable:          0 kB
Bounce:                0 kB
WritebackTmp:          0 kB
CommitLimit:     4068048 kB
Committed_AS:   14196456 kB
VmallocTotal:   34359738367 kB
VmallocUsed:           0 kB
VmallocChunk:          0 kB
HardwareCorrupted:     0 kB
AnonHugePages:         0 kB
ShmemHugePages:        0 kB
ShmemPmdMapped:        0 kB
CmaTotal:              0 kB
CmaFree:               0 kB
HugePages_Total:       0
HugePages_Free:        0
HugePages_Rsvd:        0
HugePages_Surp:        0
Hugepagesize:       2048 kB
DirectMap4k:      330928 kB
DirectMap2M:     3766272 kB
DirectMap1G:           0 kB

container (cgroup) information:
container_type: cgroupv1
cpu_cpuset_cpus: 0-3
cpu_memory_nodes: 0
active_processor_count: 4
cpu_quota: -1
cpu_period: 100000
cpu_shares: -1
memory_limit_in_bytes: -1
memory_and_swap_limit_in_bytes: -2
memory_soft_limit_in_bytes: -1
memory_usage_in_bytes: 3644968960
memory_max_usage_in_bytes: 131072


CPU:total 4 (initial active 4) (2 cores per cpu, 2 threads per core) family 6 model 61 stepping 4, cmov, cx8, fxsr, mmx, sse, sse2, sse3, ssse3, sse4.1, sse4.2, popcnt, avx, avx2, aes, clmul, erms, 3dnowpref, lzcnt, ht, tsc, tscinvbit, bmi1, bmi2, adx

/proc/cpuinfo:
processor	: 0
vendor_id	: GenuineIntel
cpu family	: 6
model		: 61
model name	: Intel(R) Core(TM) i5-5200U CPU @ 2.20GHz
stepping	: 4
microcode	: 0x2e
cpu MHz		: 2354.140
cache size	: 3072 KB
physical id	: 0
siblings	: 4
core id		: 0
cpu cores	: 2
apicid		: 0
initial apicid	: 0
fpu		: yes
fpu_exception	: yes
cpuid level	: 20
wp		: yes
flags		: fpu vme de pse tsc msr pae mce cx8 apic sep mtrr pge mca cmov pat pse36 clflush dts acpi mmx fxsr sse sse2 ss ht tm pbe syscall nx pdpe1gb rdtscp lm constant_tsc arch_perfmon pebs bts rep_good nopl xtopology nonstop_tsc cpuid aperfmperf pni pclmulqdq dtes64 monitor ds_cpl vmx est tm2 ssse3 sdbg fma cx16 xtpr pdcm pcid sse4_1 sse4_2 x2apic movbe popcnt tsc_deadline_timer aes xsave avx f16c rdrand lahf_lm abm 3dnowprefetch cpuid_fault epb invpcid_single pti ssbd ibrs ibpb stibp tpr_shadow vnmi flexpriority ept vpid fsgsbase tsc_adjust bmi1 avx2 smep bmi2 erms invpcid rdseed adx smap intel_pt xsaveopt dtherm ida arat pln pts md_clear flush_l1d
bugs		: cpu_meltdown spectre_v1 spectre_v2 spec_store_bypass l1tf mds swapgs itlb_multihit
bogomips	: 4389.88
clflush size	: 64
cache_alignment	: 64
address sizes	: 39 bits physical, 48 bits virtual
power management:

processor	: 1
vendor_id	: GenuineIntel
cpu family	: 6
model		: 61
model name	: Intel(R) Core(TM) i5-5200U CPU @ 2.20GHz
stepping	: 4
microcode	: 0x2e
cpu MHz		: 2340.738
cache size	: 3072 KB
physical id	: 0
siblings	: 4
core id		: 1
cpu cores	: 2
apicid		: 2
initial apicid	: 2
fpu		: yes
fpu_exception	: yes
cpuid level	: 20
wp		: yes
flags		: fpu vme de pse tsc msr pae mce cx8 apic sep mtrr pge mca cmov pat pse36 clflush dts acpi mmx fxsr sse sse2 ss ht tm pbe syscall nx pdpe1gb rdtscp lm constant_tsc arch_perfmon pebs bts rep_good nopl xtopology nonstop_tsc cpuid aperfmperf pni pclmulqdq dtes64 monitor ds_cpl vmx est tm2 ssse3 sdbg fma cx16 xtpr pdcm pcid sse4_1 sse4_2 x2apic movbe popcnt tsc_deadline_timer aes xsave avx f16c rdrand lahf_lm abm 3dnowprefetch cpuid_fault epb invpcid_single pti ssbd ibrs ibpb stibp tpr_shadow vnmi flexpriority ept vpid fsgsbase tsc_adjust bmi1 avx2 smep bmi2 erms invpcid rdseed adx smap intel_pt xsaveopt dtherm ida arat pln pts md_clear flush_l1d
bugs		: cpu_meltdown spectre_v1 spectre_v2 spec_store_bypass l1tf mds swapgs itlb_multihit
bogomips	: 4389.88
clflush size	: 64
cache_alignment	: 64
address sizes	: 39 bits physical, 48 bits virtual
power management:

processor	: 2
vendor_id	: GenuineIntel
cpu family	: 6
model		: 61
model name	: Intel(R) Core(TM) i5-5200U CPU @ 2.20GHz
stepping	: 4
microcode	: 0x2e
cpu MHz		: 2350.524
cache size	: 3072 KB
physical id	: 0
siblings	: 4
core id		: 0
cpu cores	: 2
apicid		: 1
initial apicid	: 1
fpu		: yes
fpu_exception	: yes
cpuid level	: 20
wp		: yes
flags		: fpu vme de pse tsc msr pae mce cx8 apic sep mtrr pge mca cmov pat pse36 clflush dts acpi mmx fxsr sse sse2 ss ht tm pbe syscall nx pdpe1gb rdtscp lm constant_tsc arch_perfmon pebs bts rep_good nopl xtopology nonstop_tsc cpuid aperfmperf pni pclmulqdq dtes64 monitor ds_cpl vmx est tm2 ssse3 sdbg fma cx16 xtpr pdcm pcid sse4_1 sse4_2 x2apic movbe popcnt tsc_deadline_timer aes xsave avx f16c rdrand lahf_lm abm 3dnowprefetch cpuid_fault epb invpcid_single pti ssbd ibrs ibpb stibp tpr_shadow vnmi flexpriority ept vpid fsgsbase tsc_adjust bmi1 avx2 smep bmi2 erms invpcid rdseed adx smap intel_pt xsaveopt dtherm ida arat pln pts md_clear flush_l1d
bugs		: cpu_meltdown spectre_v1 spectre_v2 spec_store_bypass l1tf mds swapgs itlb_multihit
bogomips	: 4389.88
clflush size	: 64
cache_alignment	: 64
address sizes	: 39 bits physical, 48 bits virtual
power management:

processor	: 3
vendor_id	: GenuineIntel
cpu family	: 6
model		: 61
model name	: Intel(R) Core(TM) i5-5200U CPU @ 2.20GHz
stepping	: 4
microcode	: 0x2e
cpu MHz		: 2422.907
cache size	: 3072 KB
physical id	: 0
siblings	: 4
core id		: 1
cpu cores	: 2
apicid		: 3
initial apicid	: 3
fpu		: yes
fpu_exception	: yes
cpuid level	: 20
wp		: yes
flags		: fpu vme de pse tsc msr pae mce cx8 apic sep mtrr pge mca cmov pat pse36 clflush dts acpi mmx fxsr sse sse2 ss ht tm pbe syscall nx pdpe1gb rdtscp lm constant_tsc arch_perfmon pebs bts rep_good nopl xtopology nonstop_tsc cpuid aperfmperf pni pclmulqdq dtes64 monitor ds_cpl vmx est tm2 ssse3 sdbg fma cx16 xtpr pdcm pcid sse4_1 sse4_2 x2apic movbe popcnt tsc_deadline_timer aes xsave avx f16c rdrand lahf_lm abm 3dnowprefetch cpuid_fault epb invpcid_single pti ssbd ibrs ibpb stibp tpr_shadow vnmi flexpriority ept vpid fsgsbase tsc_adjust bmi1 avx2 smep bmi2 erms invpcid rdseed adx smap intel_pt xsaveopt dtherm ida arat pln pts md_clear flush_l1d
bugs		: cpu_meltdown spectre_v1 spectre_v2 spec_store_bypass l1tf mds swapgs itlb_multihit
bogomips	: 4389.88
clflush size	: 64
cache_alignment	: 64
address sizes	: 39 bits physical, 48 bits virtual
power management:



Memory: 4k page, physical 3941800k(90140k free), swap 2097148k(0k free)

vm_info: Java HotSpot(TM) 64-Bit Server VM (25.201-b09) for linux-amd64 JRE (1.8.0_201-b09), built on Dec 15 2018 11:35:59 by "java_re" with gcc 7.3.0

time: Sun Mar  8 23:44:16 2020
timezone: GMT
elapsed time: 37 seconds (0d 0h 0m 37s)

